<?xml version="1.0" encoding="utf-8"?>
<TestRun id="b1a18f15-9c0b-4b7b-811d-16dbe376608c" name="mariu@MYLAPTOP 2026-05-19 13:10:21" runUser="Mylaptop\CodexSandboxOffline" xmlns="http://microsoft.com/schemas/VisualStudio/TeamTest/2010">
  <Times creation="2026-05-19T13:10:21.6861568+03:00" queuing="2026-05-19T13:10:21.6861569+03:00" start="2026-05-19T13:10:16.2045225+03:00" finish="2026-05-19T13:10:21.6905688+03:00" />
  <TestSettings name="default" id="725d2878-9760-405e-8d8c-94f283707a24">
    <Deployment runDeploymentRoot="mariu_MYLAPTOP_2026-05-19_13_10_21" />
  </TestSettings>
  <Results>
    <UnitTestResult executionId="5347f5c5-1a58-4170-869a-b9f51537fdad" testId="6be6f741-7df0-8afe-2fcf-c6a9b597ba63" testName="Mediclin.Tests.Services.AuthServiceTests.LoginAsync_ReturnsUser_WhenCredentialsAreValid" computerName="MYLAPTOP" duration="00:00:00.4203131" startTime="2026-05-19T13:10:21.6331215+03:00" endTime="2026-05-19T13:10:21.6331218+03:00" testType="13cdc9d9-ddb5-4fa4-a97d-d965ccfc6d4b" outcome="Passed" testListId="8c84fa94-04c1-424b-9868-57a2d4851a1d" relativeResultsDirectory="5347f5c5-1a58-4170-869a-b9f51537fdad" />
    <UnitTestResult executionId="a9944ef0-340d-4791-a44f-497bc3594b7c" testId="bbc14f9c-8ae2-723e-0dfd-b4336d9d9707" testName="Mediclin.Tests.Services.AuthServiceTests.LoginAsync_ReturnsNull_WhenParolaHashIsInvalid_DoesNotThrow" computerName="MYLAPTOP" duration="00:00:00.1145778" startTime="2026-05-19T13:10:20.7255167+03:00" endTime="2026-05-19T13:10:20.7255171+03:00" testType="13cdc9d9-ddb5-4fa4-a97d-d965ccfc6d4b" outcome="Passed" testListId="8c84fa94-04c1-424b-9868-57a2d4851a1d" relativeResultsDirectory="a9944ef0-340d-4791-a44f-497bc3594b7c" />
    <UnitTestResult executionId="725377ac-625f-4faf-b3f7-882ffeedc36c" testId="555153a1-d7a7-57f0-3eea-30021ecb4e2a" testName="Mediclin.Tests.Services.AuthServiceTests.LoginAsync_ReturnsNull_WhenPasswordInvalid" computerName="MYLAPTOP" duration="00:00:00.4863293" startTime="2026-05-19T13:10:21.2125272+03:00" endTime="2026-05-19T13:10:21.2125276+03:00" testType="13cdc9d9-ddb5-4fa4-a97d-d965ccfc6d4b" outcome="Passed" testListId="8c84fa94-04c1-424b-9868-57a2d4851a1d" relativeResultsDirectory="725377ac-625f-4faf-b3f7-882ffeedc36c" />
    <UnitTestResult executionId="5437e9ff-27c8-4b6e-9bb4-295388bd2e7f" testId="1b363272-926a-2102-7a40-16c255dc3734" testName="Mediclin.Tests.Services.AuthServiceTests.RegisterAsync_ReturnsError_WhenEmailExists" computerName="MYLAPTOP" duration="00:00:00.4025248" startTime="2026-05-19T13:10:20.6098252+03:00" endTime="2026-05-19T13:10:20.6098350+03:00" testType="13cdc9d9-ddb5-4fa4-a97d-d965ccfc6d4b" outcome="Passed" testListId="8c84fa94-04c1-424b-9868-57a2d4851a1d" relativeResultsDirectory="5437e9ff-27c8-4b6e-9bb4-295388bd2e7f" />
  </Results>
  <TestDefinitions>
    <UnitTest name="Mediclin.Tests.Services.AuthServiceTests.LoginAsync_ReturnsUser_WhenCredentialsAreValid" storage="d:\medclin\mediclin\mediclin.tests\bin\debug\net8.0-windows\mediclin.tests.dll" id="6be6f741-7df0-8afe-2fcf-c6a9b597ba63">
      <Execution id="5347f5c5-1a58-4170-869a-b9f51537fdad" />
      <TestMethod codeBase="D:\medclin\Mediclin\Mediclin.Tests\bin\Debug\net8.0-windows\Mediclin.Tests.dll" adapterTypeName="executor://xunit/VsTestRunner2/netcoreapp" className="Mediclin.Tests.Services.AuthServiceTests" name="LoginAsync_ReturnsUser_WhenCredentialsAreValid" />
    </UnitTest>
    <UnitTest name="Mediclin.Tests.Services.AuthServiceTests.LoginAsync_ReturnsNull_WhenPasswordInvalid" storage="d:\medclin\mediclin\mediclin.tests\bin\debug\net8.0-windows\mediclin.tests.dll" id="555153a1-d7a7-57f0-3eea-30021ecb4e2a">
      <Execution id="725377ac-625f-4faf-b3f7-882ffeedc36c" />
      <TestMethod codeBase="D:\medclin\Mediclin\Mediclin.Tests\bin\Debug\net8.0-windows\Mediclin.Tests.dll" adapterTypeName="executor://xunit/VsTestRunner2/netcoreapp" className="Mediclin.Tests.Services.AuthServiceTests" name="LoginAsync_ReturnsNull_WhenPasswordInvalid" />
    </UnitTest>
    <UnitTest name="Mediclin.Tests.Services.AuthServiceTests.LoginAsync_ReturnsNull_WhenParolaHashIsInvalid_DoesNotThrow" storage="d:\medclin\mediclin\mediclin.tests\bin\debug\net8.0-windows\mediclin.tests.dll" id="bbc14f9c-8ae2-723e-0dfd-b4336d9d9707">
      <Execution id="a9944ef0-340d-4791-a44f-497bc3594b7c" />
      <TestMethod codeBase="D:\medclin\Mediclin\Mediclin.Tests\bin\Debug\net8.0-windows\Mediclin.Tests.dll" adapterTypeName="executor://xunit/VsTestRunner2/netcoreapp" className="Mediclin.Tests.Services.AuthServiceTests" name="LoginAsync_ReturnsNull_WhenParolaHashIsInvalid_DoesNotThrow" />
    </UnitTest>
    <UnitTest name="Mediclin.Tests.Services.AuthServiceTests.RegisterAsync_ReturnsError_WhenEmailExists" storage="d:\medclin\mediclin\mediclin.tests\bin\debug\net8.0-windows\mediclin.tests.dll" id="1b363272-926a-2102-7a40-16c255dc3734">
      <Execution id="5437e9ff-27c8-4b6e-9bb4-295388bd2e7f" />
      <TestMethod codeBase="D:\medclin\Mediclin\Mediclin.Tests\bin\Debug\net8.0-windows\Mediclin.Tests.dll" adapterTypeName="executor://xunit/VsTestRunner2/netcoreapp" className="Mediclin.Tests.Services.AuthServiceTests" name="RegisterAsync_ReturnsError_WhenEmailExists" />
    </UnitTest>
  </TestDefinitions>
  <TestEntries>
    <TestEntry testId="6be6f741-7df0-8afe-2fcf-c6a9b597ba63" executionId="5347f5c5-1a58-4170-869a-b9f51537fdad" testListId="8c84fa94-04c1-424b-9868-57a2d4851a1d" />
    <TestEntry testId="bbc14f9c-8ae2-723e-0dfd-b4336d9d9707" executionId="a9944ef0-340d-4791-a44f-497bc3594b7c" testListId="8c84fa94-04c1-424b-9868-57a2d4851a1d" />
    <TestEntry testId="555153a1-d7a7-57f0-3eea-30021ecb4e2a" executionId="725377ac-625f-4faf-b3f7-882ffeedc36c" testListId="8c84fa94-04c1-424b-9868-57a2d4851a1d" />
    <TestEntry testId="1b363272-926a-2102-7a40-16c255dc3734" executionId="5437e9ff-27c8-4b6e-9bb4-295388bd2e7f" testListId="8c84fa94-04c1-424b-9868-57a2d4851a1d" />
  </TestEntries>
  <TestLists>
    <TestList name="Results Not in a List" id="8c84fa94-04c1-424b-9868-57a2d4851a1d" />
    <TestList name="All Loaded Results" id="19431567-8539-422a-85d7-44ee4e166bda" />
  </TestLists>
  <ResultSummary outcome="Completed">
    <Counters total="4" executed="4" passed="4" failed="0" error="0" timeout="0" aborted="0" inconclusive="0" passedButRunAborted="0" notRunnable="0" notExecuted="0" disconnected="0" warning="0" completed="0" inProgress="0" pending="0" />
    <Output>
      <StdOut>[xUnit.net 00:00:00.00] xUnit.net VSTest Adapter v2.8.2+699d445a1a (64-bit .NET 8.0.27)&#xD;
[xUnit.net 00:00:01.43]   Discovering: Mediclin.Tests&#xD;
[xUnit.net 00:00:01.46]   Discovered:  Mediclin.Tests&#xD;
[xUnit.net 00:00:01.46]   Starting:    Mediclin.Tests&#xD;
[xUnit.net 00:00:02.91]   Finished:    Mediclin.Tests&#xD;
</StdOut>
    </Output>
  </ResultSummary>
</TestRun>